<?xml version="1.0" encoding="UTF-8"?>
<testsuite name="com.teste.GerenciaPessoas.controllers.PessoaControllerTest" tests="4" skipped="0" failures="0" errors="0" timestamp="2023-01-13T23:40:13" hostname="LAPTOP-C66LHC84" time="0.749">
  <properties/>
  <testcase name="Deve adicionar  um endereco a pessoa" classname="com.teste.GerenciaPessoas.controllers.PessoaControllerTest" time="0.67"/>
  <testcase name="Deve retornar uma pessoa salva com endereços" classname="com.teste.GerenciaPessoas.controllers.PessoaControllerTest" time="0.028"/>
  <testcase name="Deve atualizar uma pessoa com novos enderecos" classname="com.teste.GerenciaPessoas.controllers.PessoaControllerTest" time="0.025"/>
  <testcase name="Deve cadastrar uma pessoa" classname="com.teste.GerenciaPessoas.controllers.PessoaControllerTest" time="0.017"/>
  <system-out><![CDATA[20:40:08.913 [Test worker] DEBUG org.springframework.boot.test.autoconfigure.web.servlet.WebMvcTestContextBootstrapper - Neither @ContextConfiguration nor @ContextHierarchy found for test class [PessoaControllerTest]: using SpringBootContextLoader
20:40:08.926 [Test worker] DEBUG org.springframework.test.context.support.AbstractContextLoader - Could not detect default resource locations for test class [com.teste.GerenciaPessoas.controllers.PessoaControllerTest]: no resource found for suffixes {-context.xml, Context.groovy}.
20:40:08.928 [Test worker] INFO org.springframework.test.context.support.AnnotationConfigContextLoaderUtils - Could not detect default configuration classes for test class [com.teste.GerenciaPessoas.controllers.PessoaControllerTest]: PessoaControllerTest does not declare any static, non-private, non-final, nested classes annotated with @Configuration.
20:40:09.061 [Test worker] DEBUG org.springframework.boot.test.autoconfigure.web.servlet.WebMvcTestContextBootstrapper - Using ContextCustomizers for test class [PessoaControllerTest]: [DisableAutoConfigurationContextCustomizer, DisableObservabilityContextCustomizer, TypeExcludeFiltersContextCustomizer, PropertyMappingContextCustomizer, Customizer, ImportsContextCustomizer, ExcludeFilterContextCustomizer, DuplicateJsonObjectContextCustomizer, MockitoContextCustomizer]
20:40:09.192 [Test worker] DEBUG org.springframework.context.annotation.ClassPathScanningCandidateComponentProvider - Identified candidate component class: file [C:\Users\gaspg\OneDrive\workspace\GerenciaPessoas\build\classes\java\main\com\teste\GerenciaPessoas\GerenciaPessoasApplication.class]
20:40:09.194 [Test worker] INFO org.springframework.boot.test.context.SpringBootTestContextBootstrapper - Found @SpringBootConfiguration com.teste.GerenciaPessoas.GerenciaPessoasApplication for test class com.teste.GerenciaPessoas.controllers.PessoaControllerTest
20:40:09.231 [Test worker] DEBUG org.springframework.boot.test.autoconfigure.web.servlet.WebMvcTestContextBootstrapper - Using TestExecutionListeners for test class [PessoaControllerTest]: [ServletTestExecutionListener, DirtiesContextBeforeModesTestExecutionListener, ApplicationEventsTestExecutionListener, MockitoTestExecutionListener, DependencyInjectionTestExecutionListener, DirtiesContextTestExecutionListener, TransactionalTestExecutionListener, SqlScriptsTestExecutionListener, EventPublishingTestExecutionListener, RestDocsTestExecutionListener, MockRestServiceServerResetTestExecutionListener, MockMvcPrintOnlyOnFailureTestExecutionListener, WebDriverTestExecutionListener, MockWebServiceServerTestExecutionListener, ResetMocksTestExecutionListener]
20:40:09.234 [Test worker] DEBUG org.springframework.test.context.support.AbstractDirtiesContextTestExecutionListener - Before test class: class [PessoaControllerTest], class annotated with @DirtiesContext [false] with mode [null]

  .   ____          _            __ _ _
 /\\ / ___'_ __ _ _(_)_ __  __ _ \ \ \ \
( ( )\___ | '_ | '_| | '_ \/ _` | \ \ \ \
 \\/  ___)| |_)| | | | | || (_| |  ) ) ) )
  '  |____| .__|_| |_|_| |_\__, | / / / /
 =========|_|==============|___/=/_/_/_/
 :: Spring Boot ::                (v3.0.1)

2023-01-13T20:40:09.950-03:00  INFO 20636 --- [    Test worker] c.t.G.controllers.PessoaControllerTest   : Starting PessoaControllerTest using Java 17.0.3.1 with PID 20636 (started by gaspg in C:\Users\gaspg\OneDrive\workspace\GerenciaPessoas)
2023-01-13T20:40:09.952-03:00  INFO 20636 --- [    Test worker] c.t.G.controllers.PessoaControllerTest   : The following 1 profile is active: "test"
2023-01-13T20:40:13.033-03:00  INFO 20636 --- [    Test worker] o.s.b.t.m.w.SpringBootMockServletContext : Initializing Spring TestDispatcherServlet ''
2023-01-13T20:40:13.034-03:00  INFO 20636 --- [    Test worker] o.s.t.web.servlet.TestDispatcherServlet  : Initializing Servlet ''
2023-01-13T20:40:13.040-03:00  INFO 20636 --- [    Test worker] o.s.t.web.servlet.TestDispatcherServlet  : Completed initialization in 2 ms
2023-01-13T20:40:13.097-03:00  INFO 20636 --- [    Test worker] c.t.G.controllers.PessoaControllerTest   : Started PessoaControllerTest in 3.751 seconds (process running for 6.09)
]]></system-out>
  <system-err><![CDATA[]]></system-err>
</testsuite>
